<?xml version="1.0" encoding="UTF-8"?>
<!-- Generated by org.testng.reporters.JUnitReportReporter -->
<testsuite hostname="CDC2-D-CHWRXJ2" name="Driver.testcase2" tests="1" failures="0" timestamp="15 Jul 2019 06:46:45 GMT" time="123.969" errors="0">
  <testcase name="f" time="123.969" classname="Driver.testcase2"/>
</testsuite> <!-- Driver.testcase2 -->
