<?xml version="1.0" encoding="UTF-8"?>
<!-- Generated by org.testng.reporters.JUnitReportReporter -->
<testsuite hostname="CDC2-D-CHWRXJ2" name="Driver.reports" tests="1" failures="0" timestamp="16 Jul 2019 08:24:16 GMT" time="35.274" errors="0">
  <testcase name="f" time="35.274" classname="Driver.reports"/>
</testsuite> <!-- Driver.reports -->
