<?xml version="1.0" encoding="UTF-8"?>
<!-- Generated by org.testng.reporters.JUnitReportReporter -->
<testsuite hostname="CDC2-D-CHWRXJ2" name="Driver.excel2" tests="1" failures="0" timestamp="16 Jul 2019 04:40:46 GMT" time="28.342" errors="0">
  <testcase name="f" time="28.342" classname="Driver.excel2"/>
</testsuite> <!-- Driver.excel2 -->
