<?xml version="1.0" encoding="UTF-8"?>
<!-- Generated by org.testng.reporters.JUnitReportReporter -->
<testsuite hostname="CDC2-D-CHWRXJ2" name="Driver.Action2" tests="1" failures="0" timestamp="15 Jul 2019 12:04:10 GMT" time="14.053" errors="0">
  <testcase name="f" time="14.053" classname="Driver.Action2"/>
</testsuite> <!-- Driver.Action2 -->
