<?xml version="1.0" encoding="UTF-8"?>
<!-- Generated by org.testng.reporters.JUnitReportReporter -->
<testsuite hostname="CDC2-D-CHWRXJ2" name="Driver.action1" tests="1" failures="0" timestamp="15 Jul 2019 10:14:52 GMT" time="12.610" errors="0">
  <testcase name="f" time="12.610" classname="Driver.action1"/>
</testsuite> <!-- Driver.action1 -->
