<?xml version="1.0" encoding="UTF-8"?>
<!-- Generated by org.testng.reporters.JUnitReportReporter -->
<testsuite hostname="CDC2-D-CHWRXJ2" name="Driver.excel" tests="1" failures="0" timestamp="16 Jul 2019 04:05:08 GMT" time="44.116" errors="0">
  <testcase name="f" time="44.116" classname="Driver.excel"/>
</testsuite> <!-- Driver.excel -->
